<?xml version="1.0" encoding="UTF-8"?>
<!-- Generated by org.testng.reporters.JUnitXMLReporter -->
<testsuite ignored="14" hostname="LAPTOP-J4J745OD" failures="0" tests="10" name="Test" time="62.512" errors="0" timestamp="31 May 2024 12:56:43 GMT">
  <testcase classname="com.hsbc.bfsi.openAccount.openAccountTest" name="OpenAccTest" time="7.321"/>
  <testcase classname="com.hsbc.bfsi.openAccount.openAccountTest" name="staffLoginTest" time="3.086"/>
  <testcase classname="com.hsbc.bfsi.openAccount.openAccountTest" name="creditCustomerTest" time="3.733"/>
  <testcase classname="com.hsbc.bfsi.openAccount.searchCustomerTest" name="viewCustomerByAccNoTest" time="3.162"/>
  <testcase classname="com.hsbc.bfsi.applyDebitCard.applyDebitCardTest" name="applyDebitTest" time="1.89"/>
  <testcase classname="com.hsbc.bfsi.internetBanking.registerInternetBankingTest" name="registerTest" time="2.34"/>
  <testcase classname="com.hsbc.bfsi.internetBanking.loginInternetBankingTest" name="loginTest" time="2.058"/>
  <testcase classname="com.hsbc.bfsi.fundTransfer.fundTransferTest" name="fundsTransferTest" time="9.969"/>
  <testcase classname="com.hsbc.bfsi.changePassword.changePasswordTest" name="changePassTest" time="2.992"/>
  <testcase classname="com.hsbc.bfsi.deleteAccount.deleteAccountTest" name="deleteAccTest" time="2.943"/>
  <testcase classname="com.comcast.crm.generic.basetest.BaseClass" name="@BeforeSuite configBS" time="0.0">
    <ignored/>
  </testcase> <!-- @BeforeSuite configBS -->
  <testcase classname="com.comcast.crm.generic.basetest.BaseClass" name="@BeforeSuite configBS" time="0.0">
    <ignored/>
  </testcase> <!-- @BeforeSuite configBS -->
  <testcase classname="com.comcast.crm.generic.basetest.BaseClass" name="@BeforeSuite configBS" time="0.0">
    <ignored/>
  </testcase> <!-- @BeforeSuite configBS -->
  <testcase classname="com.comcast.crm.generic.basetest.BaseClass" name="@BeforeSuite configBS" time="0.0">
    <ignored/>
  </testcase> <!-- @BeforeSuite configBS -->
  <testcase classname="com.comcast.crm.generic.basetest.BaseClass" name="@BeforeSuite configBS" time="0.0">
    <ignored/>
  </testcase> <!-- @BeforeSuite configBS -->
  <testcase classname="com.comcast.crm.generic.basetest.BaseClass" name="@BeforeSuite configBS" time="0.0">
    <ignored/>
  </testcase> <!-- @BeforeSuite configBS -->
  <testcase classname="com.comcast.crm.generic.basetest.BaseClass" name="@BeforeSuite configBS" time="0.0">
    <ignored/>
  </testcase> <!-- @BeforeSuite configBS -->
  <testcase classname="com.comcast.crm.generic.basetest.BaseClass" name="@AfterSuite configAS" time="0.0">
    <ignored/>
  </testcase> <!-- @AfterSuite configAS -->
  <testcase classname="com.comcast.crm.generic.basetest.BaseClass" name="@AfterSuite configAS" time="0.0">
    <ignored/>
  </testcase> <!-- @AfterSuite configAS -->
  <testcase classname="com.comcast.crm.generic.basetest.BaseClass" name="@AfterSuite configAS" time="0.0">
    <ignored/>
  </testcase> <!-- @AfterSuite configAS -->
  <testcase classname="com.comcast.crm.generic.basetest.BaseClass" name="@AfterSuite configAS" time="0.0">
    <ignored/>
  </testcase> <!-- @AfterSuite configAS -->
  <testcase classname="com.comcast.crm.generic.basetest.BaseClass" name="@AfterSuite configAS" time="0.0">
    <ignored/>
  </testcase> <!-- @AfterSuite configAS -->
  <testcase classname="com.comcast.crm.generic.basetest.BaseClass" name="@AfterSuite configAS" time="0.0">
    <ignored/>
  </testcase> <!-- @AfterSuite configAS -->
  <testcase classname="com.comcast.crm.generic.basetest.BaseClass" name="@AfterSuite configAS" time="0.0">
    <ignored/>
  </testcase> <!-- @AfterSuite configAS -->
</testsuite> <!-- Test -->
