<?xml version="1.0" encoding="UTF-8"?>
<!-- Generated by org.testng.reporters.JUnitXMLReporter -->
<testsuite ignored="0" hostname="TYSS-Akash-Deb" failures="0" tests="3" name="Test3" time="93.083" errors="0" timestamp="29 May 2024 05:58:40 GMT">
  <testcase classname="com.comcast.crm.contact_test.CreateContactTest" name="createContactWithFirstNameAndSalutationTest" time="32.063"/>
  <testcase classname="com.comcast.crm.contact_test.CreateContactTest" name="createContactWithMandatoryInformationTest" time="14.295"/>
  <testcase classname="com.comcast.crm.contact_test.CreateContactTest" name="createContactWithsalutationFirstNameAndSupportStartAndEndDateTest" time="15.453"/>
</testsuite> <!-- Test3 -->
